<?xml version="1.0" encoding="UTF-8"?>
<testsuite xmlns:xsi="http://www.w3.org/2001/XMLSchema-instance" xsi:noNamespaceSchemaLocation="https://maven.apache.org/surefire/maven-surefire-plugin/xsd/surefire-test-report.xsd" version="3.0.2" name="com.cognizant.jwt_authentication.JwtAuthenticationApplicationTests" time="5.695" tests="1" errors="0" skipped="0" failures="0">
  <properties>
[...]
</properties>
  <testcase name="contextLoads" classname="com.cognizant.jwt_authentication.JwtAuthenticationApplicationTests" time="1.116">
    <system-out><![CDATA[22:03:57.474 [main] INFO org.springframework.test.context.support.AnnotationConfigContextLoaderUtils -- Could not detect default configuration classes for test class [com.cognizant.jwt_authentication.JwtAuthenticationApplicationTests]: JwtAuthenticationApplicationTests does not declare any static, non-private, non-final, nested classes annotated with @Configuration.
22:03:57.832 [main] INFO org.springframework.boot.test.context.SpringBootTestContextBootstrapper -- Found @SpringBootConfiguration com.cognizant.jwt_authentication.JwtAuthenticationApplication for test class com.cognizant.jwt_authentication.JwtAuthenticationApplicationTests

  .   ____          _            __ _ _
 /\\ / ___'_ __ _ _(_)_ __  __ _ \ \ \ \
( ( )\___ | '_ | '_| | '_ \/ _` | \ \ \ \
 \\/  ___)| |_)| | | | | || (_| |  ) ) ) )
  '  |____| .__|_| |_|_| |_\__, | / / / /
 =========|_|==============|___/=/_/_/_/

 :: Spring Boot ::                (v3.5.3)

2026-07-07T22:03:59.068+05:30  INFO 10580 --- [jwt-authentication] [           main] c.c.j.JwtAuthenticationApplicationTests  : Starting JwtAuthenticationApplicationTests using Java 25.0.3 with PID 10580 (started by annap in C:\Users\annap\Downloads\jwt-authentication\jwt-authentication)
2026-07-07T22:03:59.072+05:30  INFO 10580 --- [jwt-authentication] [           main] c.c.j.JwtAuthenticationApplicationTests  : No active profile set, falling back to 1 default profile: "default"
2026-07-07T22:04:01.482+05:30  WARN 10580 --- [jwt-authentication] [           main] .s.s.UserDetailsServiceAutoConfiguration : 

Using generated security password: 5f46a0aa-92af-498f-9d8f-1c74c8ed7e52

This generated password is for development use only. Your security configuration must be updated before running your application in production.

2026-07-07T22:04:01.493+05:30  INFO 10580 --- [jwt-authentication] [           main] r$InitializeUserDetailsManagerConfigurer : Global AuthenticationManager configured with UserDetailsService bean with name inMemoryUserDetailsManager
2026-07-07T22:04:01.741+05:30  INFO 10580 --- [jwt-authentication] [           main] c.c.j.JwtAuthenticationApplicationTests  : Started JwtAuthenticationApplicationTests in 3.406 seconds (process running for 5.663)
]]></system-out>
    <system-err><![CDATA[Mockito is currently self-attaching to enable the inline-mock-maker. This will no longer work in future releases of the JDK. Please add Mockito as an agent to your build as described in Mockito's documentation: https://javadoc.io/doc/org.mockito/mockito-core/latest/org.mockito/org/mockito/Mockito.html#0.3
WARNING: A Java agent has been loaded dynamically (C:\Users\annap\.m2\repository\net\bytebuddy\byte-buddy-agent\1.17.6\byte-buddy-agent-1.17.6.jar)
WARNING: If a serviceability tool is in use, please run with -XX:+EnableDynamicAgentLoading to hide this warning
WARNING: If a serviceability tool is not in use, please run with -Djdk.instrument.traceUsage for more information
WARNING: Dynamic loading of agents will be disallowed by default in a future release
]]></system-err>
  </testcase>
</testsuite>