<?xml version="1.0" encoding="UTF-8"?>
<testsuite xmlns:xsi="http://www.w3.org/2001/XMLSchema-instance" xsi:noNamespaceSchemaLocation="https://maven.apache.org/surefire/maven-surefire-plugin/xsd/surefire-test-report.xsd" version="3.0.2" name="com.cognizant.spring_learn.SpringLearnApplicationTests" time="1.509" tests="1" errors="0" skipped="0" failures="0">
  <properties>
[...]
</properties>
  <testcase name="contextLoads" classname="com.cognizant.spring_learn.SpringLearnApplicationTests" time="0.555">
    <system-out><![CDATA[11:33:52.055 [main] INFO org.springframework.test.context.support.AnnotationConfigContextLoaderUtils -- Could not detect default configuration classes for test class [com.cognizant.spring_learn.SpringLearnApplicationTests]: SpringLearnApplicationTests does not declare any static, non-private, non-final, nested classes annotated with @Configuration.
11:33:52.156 [main] INFO org.springframework.boot.test.context.SpringBootTestContextBootstrapper -- Found @SpringBootConfiguration com.cognizant.spring_learn.SpringLearnApplication for test class com.cognizant.spring_learn.SpringLearnApplicationTests

  .   ____          _            __ _ _
 /\\ / ___'_ __ _ _(_)_ __  __ _ \ \ \ \
( ( )\___ | '_ | '_| | '_ \/ _` | \ \ \ \
 \\/  ___)| |_)| | | | | || (_| |  ) ) ) )
  '  |____| .__|_| |_|_| |_\__, | / / / /
 =========|_|==============|___/=/_/_/_/

 :: Spring Boot ::                (v3.5.6)

06-07-26 11:33:52.540 main                  INFO ringLearnApplicationTests               logStarting   53 Starting SpringLearnApplicationTests using Java 25.0.3 with PID 27272 (started by annap in C:\Users\annap\Downloads\spring-core\spring-learn_2\spring-learn\spring-learn)
06-07-26 11:33:52.541 main                 DEBUG ringLearnApplicationTests               logStarting   54 Running with Spring Boot v3.5.6, Spring v6.2.11
06-07-26 11:33:52.543 main                  INFO ringLearnApplicationTests     logStartupProfileInfo  652 No active profile set, falling back to 1 default profile: "default"
06-07-26 11:33:52.899 main                  INFO ringLearnApplicationTests                logStarted   59 Started SpringLearnApplicationTests in 0.627 seconds (process running for 1.361)
]]></system-out>
    <system-err><![CDATA[Mockito is currently self-attaching to enable the inline-mock-maker. This will no longer work in future releases of the JDK. Please add Mockito as an agent to your build as described in Mockito's documentation: https://javadoc.io/doc/org.mockito/mockito-core/latest/org.mockito/org/mockito/Mockito.html#0.3
WARNING: A Java agent has been loaded dynamically (C:\Users\annap\.m2\repository\net\bytebuddy\byte-buddy-agent\1.17.7\byte-buddy-agent-1.17.7.jar)
WARNING: If a serviceability tool is in use, please run with -XX:+EnableDynamicAgentLoading to hide this warning
WARNING: If a serviceability tool is not in use, please run with -Djdk.instrument.traceUsage for more information
WARNING: Dynamic loading of agents will be disallowed by default in a future release
]]></system-err>
  </testcase>
</testsuite>